Log file open, 05/10/18 15:36:50
LogWindows: Failed to load 'aqProf.dll' (GetLastError=126)
LogWindows: File 'aqProf.dll' does not exist
LogWindows: Failed to load 'VtuneApi.dll' (GetLastError=126)
LogWindows: File 'VtuneApi.dll' does not exist
LogWindows: Failed to load 'VtuneApi32e.dll' (GetLastError=126)
LogWindows: File 'VtuneApi32e.dll' does not exist
LogInit: Display: Running engine for game: Train_Trouble
LogPlatformFile: Not using cached read wrapper
LogInit: Display: RandInit(-407440255) SRandInit(-407440255).
LogInit: Read version file with build ID '3944462'
LogInit: Overriding engine version to CL 4033788, compatible CL 3944462
LogInit: Registered custom module enumerator with build ID '3944462'
LogTaskGraph: Started task graph with 5 named threads and 23 total threads with 3 sets of task threads.
LogStats: Stats thread started at 0.269553
LogD3D11RHI: Aftermath initialized
LogICUInternationalization: Display: ICU TimeZone Detection - Raw Offset: +0:00, Platform Override: ''
LogModuleManager: Display: Found up-to-date module file ../../../Engine/Plugins/2D/Paper2D/Binaries/Win64/UE4Editor-Paper2D.dll (API version 3944462).
LogModuleManager: Display: Found up-to-date module file ../../../Engine/Plugins/2D/Paper2D/Binaries/Win64/UE4Editor-Paper2DEditor.dll (API version 3944462).
LogModuleManager: Display: Found up-to-date module file ../../../Engine/Plugins/2D/Paper2D/Binaries/Win64/UE4Editor-PaperSpriteSheetImporter.dll (API version 3944462).
LogModuleManager: Display: Found up-to-date module file ../../../Engine/Plugins/2D/Paper2D/Binaries/Win64/UE4Editor-PaperTiledImporter.dll (API version 3944462).
LogModuleManager: Display: Found up-to-date module file ../../../Engine/Plugins/2D/Paper2D/Binaries/Win64/UE4Editor-SmartSnapping.dll (API version 3944462).
LogModuleManager: Display: Found up-to-date module file ../../../Engine/Plugins/Blendables/LightPropagationVolume/Binaries/Win64/UE4Editor-LightPropagationVolumeRuntime.dll (API version 3944462).
LogModuleManager: Display: Found up-to-date module file ../../../Engine/Plugins/Blendables/LightPropagationVolume/Binaries/Win64/UE4Editor-LightPropagationVolumeEditor.dll (API version 3944462).
LogModuleManager: Display: Found up-to-date module file ../../../Engine/Plugins/Developer/CLionSourceCodeAccess/Binaries/Win64/UE4Editor-CLionSourceCodeAccess.dll (API version 3944462).
LogModuleManager: Display: Found up-to-date module file ../../../Engine/Plugins/Developer/GitSourceControl/Binaries/Win64/UE4Editor-GitSourceControl.dll (API version 3944462).
LogModuleManager: Display: Found up-to-date module file ../../../Engine/Plugins/Developer/PerforceSourceControl/Binaries/Win64/UE4Editor-PerforceSourceControl.dll (API version 3944462).
LogModuleManager: Display: Found up-to-date module file ../../../Engine/Plugins/Developer/SubversionSourceControl/Binaries/Win64/UE4Editor-SubversionSourceControl.dll (API version 3944462).
LogModuleManager: Display: Found up-to-date module file ../../../Engine/Plugins/Developer/UObjectPlugin/Binaries/Win64/UE4Editor-UObjectPlugin.dll (API version 3944462).
LogModuleManager: Display: Found up-to-date module file ../../../Engine/Plugins/Developer/VisualStudioCodeSourceCodeAccess/Binaries/Win64/UE4Editor-VisualStudioCodeSourceCodeAccess.dll (API version 3944462).
LogModuleManager: Display: Found up-to-date module file ../../../Engine/Plugins/Developer/VisualStudioSourceCodeAccess/Binaries/Win64/UE4Editor-VisualStudioSourceCodeAccess.dll (API version 3944462).
LogModuleManager: Display: Found up-to-date module file ../../../Engine/Plugins/Editor/AssetManagerEditor/Binaries/Win64/UE4Editor-AssetManagerEditor.dll (API version 3944462).
LogModuleManager: Display: Found up-to-date module file ../../../Engine/Plugins/Editor/CryptoKeys/Binaries/Win64/UE4Editor-CryptoKeys.dll (API version 3944462).
LogModuleManager: Display: Found up-to-date module file ../../../Engine/Plugins/Editor/CryptoKeys/Binaries/Win64/UE4Editor-CryptoKeysOpenSSL.dll (API version 3944462).
LogModuleManager: Display: Found up-to-date module file ../../../Engine/Plugins/Editor/DataValidation/Binaries/Win64/UE4Editor-DataValidation.dll (API version 3944462).
LogModuleManager: Display: Found up-to-date module file ../../../Engine/Plugins/Editor/FacialAnimation/Binaries/Win64/UE4Editor-FacialAnimation.dll (API version 3944462).
LogModuleManager: Display: Found up-to-date module file ../../../Engine/Plugins/Editor/FacialAnimation/Binaries/Win64/UE4Editor-FacialAnimationEditor.dll (API version 3944462).
LogModuleManager: Display: Found up-to-date module file ../../../Engine/Plugins/Editor/GameplayTagsEditor/Binaries/Win64/UE4Editor-GameplayTagsEditor.dll (API version 3944462).
LogModuleManager: Display: Found up-to-date module file ../../../Engine/Plugins/Editor/MobileLauncherProfileWizard/Binaries/Win64/UE4Editor-MobileLauncherProfileWizard.dll (API version 3944462).
LogModuleManager: Display: Found up-to-date module file ../../../Engine/Plugins/Editor/PluginBrowser/Binaries/Win64/UE4Editor-PluginBrowser.dll (API version 3944462).
LogModuleManager: Display: Found up-to-date module file ../../../Engine/Plugins/Editor/SpeedTreeImporter/Binaries/Win64/UE4Editor-SpeedTreeImporter.dll (API version 3944462).
LogModuleManager: Display: Found up-to-date module file ../../../Engine/Plugins/Enterprise/DatasmithContent/Binaries/Win64/UE4Editor-DatasmithContent.dll (API version 3944462).
LogModuleManager: Display: Found up-to-date module file ../../../Engine/Plugins/Experimental/AlembicImporter/Binaries/Win64/UE4Editor-AlembicImporter.dll (API version 3944462).
LogModuleManager: Display: Found up-to-date module file ../../../Engine/Plugins/Experimental/AlembicImporter/Binaries/Win64/UE4Editor-AlembicLibrary.dll (API version 3944462).
LogModuleManager: Display: Found up-to-date module file ../../../Engine/Plugins/Experimental/CharacterAI/Binaries/Win64/UE4Editor-CharacterAI.dll (API version 3944462).
LogModuleManager: Display: Found up-to-date module file ../../../Engine/Plugins/Experimental/HTML5Networking/Binaries/Win64/UE4Editor-HTML5Networking.dll (API version 3944462).
LogModuleManager: Display: Found up-to-date module file ../../../Engine/Plugins/Media/AndroidMedia/Binaries/Win64/UE4Editor-AndroidMediaEditor.dll (API version 3944462).
LogModuleManager: Display: Found up-to-date module file ../../../Engine/Plugins/Media/AndroidMedia/Binaries/Win64/UE4Editor-AndroidMediaFactory.dll (API version 3944462).
LogModuleManager: Display: Found up-to-date module file ../../../Engine/Plugins/Media/AvfMedia/Binaries/Win64/UE4Editor-AvfMediaEditor.dll (API version 3944462).
LogModuleManager: Display: Found up-to-date module file ../../../Engine/Plugins/Media/AvfMedia/Binaries/Win64/UE4Editor-AvfMediaFactory.dll (API version 3944462).
LogModuleManager: Display: Found up-to-date module file ../../../Engine/Plugins/Media/AvfMedia/Binaries/Win64/UE4Editor-AvfMediaFactory.dll (API version 3944462).
LogModuleManager: Display: Found up-to-date module file ../../../Engine/Plugins/Media/ImgMedia/Binaries/Win64/UE4Editor-ImgMedia.dll (API version 3944462).
LogModuleManager: Display: Found up-to-date module file ../../../Engine/Plugins/Media/ImgMedia/Binaries/Win64/UE4Editor-ImgMediaEditor.dll (API version 3944462).
LogModuleManager: Display: Found up-to-date module file ../../../Engine/Plugins/Media/ImgMedia/Binaries/Win64/UE4Editor-ImgMediaFactory.dll (API version 3944462).
LogModuleManager: Display: Found up-to-date module file ../../../Engine/Plugins/Media/ImgMedia/Binaries/Win64/UE4Editor-ImgMediaFactory.dll (API version 3944462).
LogModuleManager: Display: Found up-to-date module file ../../../Engine/Plugins/Media/ImgMedia/Binaries/Win64/UE4Editor-OpenExrWrapper.dll (API version 3944462).
LogModuleManager: Display: Found up-to-date module file ../../../Engine/Plugins/Media/LinearTimecode/Binaries/Win64/UE4Editor-LinearTimecode.dll (API version 3944462).
LogModuleManager: Display: Found up-to-date module file ../../../Engine/Plugins/Media/MediaCompositing/Binaries/Win64/UE4Editor-MediaCompositing.dll (API version 3944462).
LogModuleManager: Display: Found up-to-date module file ../../../Engine/Plugins/Media/MediaCompositing/Binaries/Win64/UE4Editor-MediaCompositingEditor.dll (API version 3944462).
LogModuleManager: Display: Found up-to-date module file ../../../Engine/Plugins/Media/MediaPlayerEditor/Binaries/Win64/UE4Editor-MediaPlayerEditor.dll (API version 3944462).
LogModuleManager: Display: Found up-to-date module file ../../../Engine/Plugins/Media/WmfMedia/Binaries/Win64/UE4Editor-WmfMedia.dll (API version 3944462).
LogModuleManager: Display: Found up-to-date module file ../../../Engine/Plugins/Media/WmfMedia/Binaries/Win64/UE4Editor-WmfMediaEditor.dll (API version 3944462).
LogModuleManager: Display: Found up-to-date module file ../../../Engine/Plugins/Media/WmfMedia/Binaries/Win64/UE4Editor-WmfMediaFactory.dll (API version 3944462).
LogModuleManager: Display: Found up-to-date module file ../../../Engine/Plugins/Media/WmfMedia/Binaries/Win64/UE4Editor-WmfMediaFactory.dll (API version 3944462).
LogModuleManager: Display: Found up-to-date module file ../../../Engine/Plugins/Messaging/TcpMessaging/Binaries/Win64/UE4Editor-TcpMessaging.dll (API version 3944462).
LogModuleManager: Display: Found up-to-date module file ../../../Engine/Plugins/Messaging/UdpMessaging/Binaries/Win64/UE4Editor-UdpMessaging.dll (API version 3944462).
LogModuleManager: Display: Found up-to-date module file ../../../Engine/Plugins/MovieScene/ActorSequence/Binaries/Win64/UE4Editor-ActorSequence.dll (API version 3944462).
LogModuleManager: Display: Found up-to-date module file ../../../Engine/Plugins/MovieScene/LevelSequenceEditor/Binaries/Win64/UE4Editor-LevelSequenceEditor.dll (API version 3944462).
LogModuleManager: Display: Found up-to-date module file ../../../Engine/Plugins/MovieScene/MatineeToLevelSequence/Binaries/Win64/UE4Editor-MatineeToLevelSequence.dll (API version 3944462).
LogModuleManager: Display: Found up-to-date module file ../../../Engine/Plugins/NetcodeUnitTest/NetcodeUnitTest/Binaries/Win64/UE4Editor-NetcodeUnitTest.dll (API version 3944462).
LogModuleManager: Display: Found up-to-date module file ../../../Engine/Plugins/NetcodeUnitTest/NUTUnrealEngine4/Binaries/Win64/UE4Editor-NUTUnrealEngine4.dll (API version 3944462).
LogModuleManager: Display: Found up-to-date module file ../../../Engine/Plugins/Online/OnlineSubsystem/Binaries/Win64/UE4Editor-OnlineSubsystem.dll (API version 3944462).
LogModuleManager: Display: Found up-to-date module file ../../../Engine/Plugins/Runtime/AndroidPermission/Binaries/Win64/UE4Editor-AndroidPermission.dll (API version 3944462).
LogModuleManager: Display: Found up-to-date module file ../../../Engine/Plugins/Online/OnlineSubsystemNull/Binaries/Win64/UE4Editor-OnlineSubsystemNull.dll (API version 3944462).
LogModuleManager: Display: Found up-to-date module file ../../../Engine/Plugins/Online/OnlineSubsystemUtils/Binaries/Win64/UE4Editor-OnlineSubsystemUtils.dll (API version 3944462).
LogModuleManager: Display: Found up-to-date module file ../../../Engine/Plugins/Online/OnlineSubsystemUtils/Binaries/Win64/UE4Editor-OnlineBlueprintSupport.dll (API version 3944462).
LogModuleManager: Display: Found up-to-date module file ../../../Engine/Plugins/Runtime/AndroidDeviceProfileSelector/Binaries/Win64/UE4Editor-AndroidDeviceProfileSelector.dll (API version 3944462).
LogModuleManager: Display: Found up-to-date module file ../../../Engine/Plugins/Runtime/AppleARKit/Binaries/Win64/UE4Editor-AppleARKit.dll (API version 3944462).
LogModuleManager: Display: Found up-to-date module file ../../../Engine/Plugins/Runtime/ProceduralMeshComponent/Binaries/Win64/UE4Editor-ProceduralMeshComponent.dll (API version 3944462).
LogModuleManager: Display: Found up-to-date module file ../../../Engine/Plugins/Runtime/ProceduralMeshComponent/Binaries/Win64/UE4Editor-ProceduralMeshComponentEditor.dll (API version 3944462).
LogModuleManager: Display: Found up-to-date module file ../../../Engine/Plugins/Animation/LiveLink/Binaries/Win64/UE4Editor-LiveLink.dll (API version 3944462).
LogModuleManager: Display: Found up-to-date module file ../../../Engine/Plugins/Animation/LiveLink/Binaries/Win64/UE4Editor-LiveLinkEditor.dll (API version 3944462).
LogModuleManager: Display: Found up-to-date module file ../../../Engine/Plugins/Runtime/ArchVisCharacter/Binaries/Win64/UE4Editor-ArchVisCharacter.dll (API version 3944462).
LogModuleManager: Display: Found up-to-date module file ../../../Engine/Plugins/Runtime/AudioCapture/Binaries/Win64/UE4Editor-AudioCapture.dll (API version 3944462).
LogModuleManager: Display: Found up-to-date module file ../../../Engine/Plugins/Runtime/AudioCapture/Binaries/Win64/UE4Editor-AudioCaptureEditor.dll (API version 3944462).
LogModuleManager: Display: Found up-to-date module file ../../../Engine/Plugins/Runtime/CableComponent/Binaries/Win64/UE4Editor-CableComponent.dll (API version 3944462).
LogModuleManager: Display: Found up-to-date module file ../../../Engine/Plugins/Runtime/CustomMeshComponent/Binaries/Win64/UE4Editor-CustomMeshComponent.dll (API version 3944462).
LogModuleManager: Display: Found up-to-date module file ../../../Engine/Plugins/Runtime/ExampleDeviceProfileSelector/Binaries/Win64/UE4Editor-ExampleDeviceProfileSelector.dll (API version 3944462).
LogModuleManager: Display: Found up-to-date module file ../../../Engine/Plugins/Runtime/ImmediatePhysics/Binaries/Win64/UE4Editor-ImmediatePhysics.dll (API version 3944462).
LogModuleManager: Display: Found up-to-date module file ../../../Engine/Plugins/Runtime/ImmediatePhysics/Binaries/Win64/UE4Editor-ImmediatePhysicsEditor.dll (API version 3944462).
LogModuleManager: Display: Found up-to-date module file ../../../Engine/Plugins/Runtime/LocationServicesBPLibrary/Binaries/Win64/UE4Editor-LocationServicesBPLibrary.dll (API version 3944462).
LogModuleManager: Display: Found up-to-date module file ../../../Engine/Plugins/Runtime/MobilePatchingUtils/Binaries/Win64/UE4Editor-MobilePatchingUtils.dll (API version 3944462).
LogModuleManager: Display: Found up-to-date module file ../../../Engine/Plugins/Runtime/Oculus/OculusVR/Binaries/Win64/UE4Editor-OculusHMD.dll (API version 3944462).
LogModuleManager: Display: Found up-to-date module file ../../../Engine/Plugins/Runtime/Oculus/OculusVR/Binaries/Win64/UE4Editor-OculusInput.dll (API version 3944462).
LogModuleManager: Display: Found up-to-date module file ../../../Engine/Plugins/Runtime/Oculus/OculusVR/Binaries/Win64/UE4Editor-OculusEditor.dll (API version 3944462).
LogModuleManager: Display: Found up-to-date module file ../../../Engine/Plugins/Runtime/PhysXVehicles/Binaries/Win64/UE4Editor-PhysXVehicles.dll (API version 3944462).
LogModuleManager: Display: Found up-to-date module file ../../../Engine/Plugins/Runtime/PhysXVehicles/Binaries/Win64/UE4Editor-PhysXVehiclesEditor.dll (API version 3944462).
LogModuleManager: Display: Found up-to-date module file ../../../Engine/Plugins/Runtime/RuntimePhysXCooking/Binaries/Win64/UE4Editor-RuntimePhysXCooking.dll (API version 3944462).
LogModuleManager: Display: Found up-to-date module file ../../../Engine/Plugins/Runtime/Steam/SteamVR/Binaries/Win64/UE4Editor-SteamVR.dll (API version 3944462).
LogModuleManager: Display: Found up-to-date module file ../../../Engine/Plugins/Runtime/Steam/SteamVR/Binaries/Win64/UE4Editor-SteamVRController.dll (API version 3944462).
LogModuleManager: Display: Found up-to-date module file ../../../Engine/Plugins/Runtime/WindowsMoviePlayer/Binaries/Win64/UE4Editor-WindowsMoviePlayer.dll (API version 3944462).
LogPluginManager: Mounting plugin Paper2D
LogPluginManager: Mounting plugin LiveLink
LogPluginManager: Mounting plugin LightPropagationVolume
LogPluginManager: Mounting plugin CLionSourceCodeAccess
LogPluginManager: Mounting plugin CodeLiteSourceCodeAccess
LogPluginManager: Mounting plugin GitSourceControl
LogPluginManager: Mounting plugin KDevelopSourceCodeAccess
LogPluginManager: Mounting plugin NullSourceCodeAccess
LogPluginManager: Mounting plugin PerforceSourceControl
LogPluginManager: Mounting plugin SubversionSourceControl
LogPluginManager: Mounting plugin UObjectPlugin
LogPluginManager: Mounting plugin VisualStudioCodeSourceCodeAccess
LogPluginManager: Mounting plugin VisualStudioSourceCodeAccess
LogPluginManager: Mounting plugin XCodeSourceCodeAccess
LogPluginManager: Mounting plugin AssetManagerEditor
LogPluginManager: Mounting plugin CryptoKeys
LogPluginManager: Mounting plugin DataValidation
LogPluginManager: Mounting plugin FacialAnimation
LogPluginManager: Mounting plugin GameplayTagsEditor
LogPluginManager: Mounting plugin MobileLauncherProfileWizard
LogPluginManager: Mounting plugin PluginBrowser
LogPluginManager: Mounting plugin SpeedTreeImporter
LogPluginManager: Mounting plugin DatasmithContent
LogPluginManager: Mounting plugin AlembicImporter
LogPluginManager: Mounting plugin CharacterAI
LogPluginManager: Mounting plugin HTML5Networking
LogPluginManager: Mounting plugin AndroidMedia
LogPluginManager: Mounting plugin AvfMedia
LogPluginManager: Mounting plugin ImgMedia
LogPluginManager: Mounting plugin LinearTimecode
LogPluginManager: Mounting plugin MediaCompositing
LogPluginManager: Mounting plugin MediaPlayerEditor
LogPluginManager: Mounting plugin WmfMedia
LogPluginManager: Mounting plugin TcpMessaging
LogPluginManager: Mounting plugin UdpMessaging
LogPluginManager: Mounting plugin ActorSequence
LogPluginManager: Mounting plugin LevelSequenceEditor
LogPluginManager: Mounting plugin MatineeToLevelSequence
LogPluginManager: Mounting plugin NetcodeUnitTest
LogPluginManager: Mounting plugin NUTUnrealEngine4
LogPluginManager: Mounting plugin OnlineSubsystemGooglePlay
LogPluginManager: Mounting plugin OnlineSubsystemIOS
LogPluginManager: Mounting plugin OnlineSubsystem
LogPluginManager: Mounting plugin OnlineSubsystemNull
LogPluginManager: Mounting plugin OnlineSubsystemUtils
LogPluginManager: Mounting plugin AndroidDeviceProfileSelector
LogPluginManager: Mounting plugin AndroidMoviePlayer
LogPluginManager: Mounting plugin AndroidPermission
LogPluginManager: Mounting plugin AppleARKit
LogPluginManager: Mounting plugin AppleMoviePlayer
LogPluginManager: Mounting plugin ArchVisCharacter
LogPluginManager: Mounting plugin AudioCapture
LogPluginManager: Mounting plugin CableComponent
LogPluginManager: Mounting plugin CustomMeshComponent
LogPluginManager: Mounting plugin ExampleDeviceProfileSelector
LogPluginManager: Mounting plugin GoogleCloudMessaging
LogPluginManager: Mounting plugin ImmediatePhysics
LogPluginManager: Mounting plugin IOSDeviceProfileSelector
LogPluginManager: Mounting plugin LinuxDeviceProfileSelector
LogPluginManager: Mounting plugin LocationServicesBPLibrary
LogPluginManager: Mounting plugin MobilePatchingUtils
LogPluginManager: Mounting plugin OculusVR
LogPluginManager: Plugin shader directory ../../../Engine/Plugins/Runtime/Oculus/OculusVR/Shaders found
LogPluginManager: Mapping shader source directory ../../../Engine/Plugins/Runtime/Oculus/OculusVR/Shaders to virtual directory /Plugin/OculusVR
LogPluginManager: Mounting plugin PhysXVehicles
LogPluginManager: Mounting plugin ProceduralMeshComponent
LogPluginManager: Mounting plugin RuntimePhysXCooking
LogPluginManager: Mounting plugin SteamVR
LogPluginManager: Mounting plugin WindowsMoviePlayer
LogStreaming: Display: Took  1.193s to configure plugins.
LogInit: Using libcurl 7.47.1
LogInit:  - built for x86_64-pc-win32
LogInit:  - supports SSL with OpenSSL/1.0.2g
LogInit:  - supports HTTP deflate (compression) using libz 1.2.8
LogInit:  - other features:
LogInit:      CURL_VERSION_SSL
LogInit:      CURL_VERSION_LIBZ
LogInit:      CURL_VERSION_IPV6
LogInit:      CURL_VERSION_ASYNCHDNS
LogInit:      CURL_VERSION_LARGEFILE
LogInit:      CURL_VERSION_IDN
LogInit:  CurlRequestOptions (configurable via config and command line):
LogInit:  - bVerifyPeer = false  - Libcurl will NOT verify peer certificate
LogInit:  - bUseHttpProxy = false  - Libcurl will NOT use HTTP proxy
LogInit:  - bDontReuseConnections = false  - Libcurl will reuse connections
LogInit:  - CertBundlePath = nullptr  - Libcurl will use whatever was configured at build time.
LogInit:  - MaxHostConnections = 16  - Libcurl will limit the number of connections to a host
LogInit:  - LocalHostAddr = Default
LogInit: WinSock: version 1.1 (2.2), MaxSocks=32767, MaxUdp=65467
LogInit: WinSock: I am Alex-PC (192.168.1.76:0)
LogInit: Build: ++UE4+Release-4.19-CL-4033788
LogInit: Engine Version: 4.19.2-4033788+++UE4+Release-4.19
LogInit: Compatible Engine Version: 4.19.0-3944462+++UE4+Release-4.19
LogInit: Net CL: 3944462
LogDevObjectVersion: Number of dev versions registered: 18
LogDevObjectVersion:   Dev-Blueprints (B0D832E4-1F89-4F0D-ACCF-7EB736FD4AA2): 10
LogDevObjectVersion:   Dev-Build (E1C64328-A22C-4D53-A36C-8E866417BD8C): 0
LogDevObjectVersion:   Dev-Core (375EC13C-06E4-48FB-B500-84F0262A717E): 2
LogDevObjectVersion:   Dev-Editor (E4B068ED-F494-42E9-A231-DA0B2E46BB41): 23
LogDevObjectVersion:   Dev-Framework (CFFC743F-43B0-4480-9391-14DF171D2073): 33
LogDevObjectVersion:   Dev-Mobile (B02B49B5-BB20-44E9-A304-32B752E40360): 2
LogDevObjectVersion:   Dev-Networking (A4E4105C-59A1-49B5-A7C5-40C4547EDFEE): 0
LogDevObjectVersion:   Dev-Online (39C831C9-5AE6-47DC-9A44-9C173E1C8E7C): 0
LogDevObjectVersion:   Dev-Physics (78F01B33-EBEA-4F98-B9B4-84EACCB95AA2): 0
LogDevObjectVersion:   Dev-Platform (6631380F-2D4D-43E0-8009-CF276956A95A): 0
LogDevObjectVersion:   Dev-Rendering (12F88B9F-8875-4AFC-A67C-D90C383ABD29): 25
LogDevObjectVersion:   Dev-Sequencer (7B5AE74C-D270-4C10-A958-57980B212A5A): 6
LogDevObjectVersion:   Dev-VR (D7296918-1DD6-4BDD-9DE2-64A83CC13884): 1
LogDevObjectVersion:   Dev-LoadTimes (C2A15278-BFE7-4AFE-6C17-90FF531DF755): 1
LogDevObjectVersion:   Private-Geometry (6EACA3D4-40EC-4CC1-B786-8BED09428FC5): 2
LogDevObjectVersion:   Dev-AnimPhys (29E575DD-E0A3-4627-9D10-D276232CDCEA): 16
LogDevObjectVersion:   Dev-ReflectionCapture (6B266CEC-1EC7-4B8F-A30B-E4D90942FC07): 1
LogDevObjectVersion:   Dev-Automation (0DF73D61-A23F-47EA-B727-89E90C41499A): 1
LogInit: Compiled (64-bit): Apr 27 2018 02:06:57
LogInit: Compiled with Visual C++: 19.00.24215.01
LogInit: Build Configuration: Development
LogInit: Branch Name: ++UE4+Release-4.19
LogInit: Command Line: -EpicPortal 
LogInit: Base Directory: C:/Program Files/Epic Games/UE_4.19/Engine/Binaries/Win64/
LogInit: Installed Engine Build: 1
LogStreaming: Display: Took  0.000s to delete old logs.
LogInit: Presizing for max 8388607 objects, including 0 objects not considered by GC, pre-allocating 0 bytes for permanent pool.
LogInit: Object subsystem initialized
[2018.05.10-14.36.52:465][  0]LogInit: Selected Device Profile: [Windows]
[2018.05.10-14.36.52:465][  0]LogInit: Applying CVar settings loaded from the selected device profile: [Windows]
[2018.05.10-14.36.52:472][  0]LogInit: Computer: ALEX-PC
[2018.05.10-14.36.52:472][  0]LogInit: User: Alex
[2018.05.10-14.36.52:472][  0]LogInit: CPU Page size=4096, Cores=4
[2018.05.10-14.36.52:472][  0]LogInit: High frequency timer resolution =4.101560 MHz
[2018.05.10-14.36.52:472][  0]LogMemory: Memory total: Physical=16.0GB (16GB approx)
[2018.05.10-14.36.52:472][  0]LogMemory: Platform Memory Stats for Windows
[2018.05.10-14.36.52:472][  0]LogMemory: Process Physical Memory: 276.58 MB used, 276.58 MB peak
[2018.05.10-14.36.52:472][  0]LogMemory: Process Virtual Memory: 264.84 MB used, 264.84 MB peak
[2018.05.10-14.36.52:472][  0]LogMemory: Physical Memory: 11273.04 MB used,  5070.13 MB free, 16343.17 MB total
[2018.05.10-14.36.52:472][  0]LogMemory: Virtual Memory: 680.55 MB used,  5070.13 MB free, 134217728.00 MB total
[2018.05.10-14.36.52:493][  0]LogInit: Using OS detected language (en-US).
[2018.05.10-14.36.52:493][  0]LogInit: Using OS detected locale (en-GB).
[2018.05.10-14.36.52:496][  0]LogTextLocalizationManager: No specific localization for 'en-US' exists, so the 'en' localization will be used.
[2018.05.10-14.36.52:863][  0]LogStreaming: Display: Took  0.370s to EndInitTextLocalization.
[2018.05.10-14.36.52:863][  0]LogInit: Setting process to per monitor DPI aware
[2018.05.10-14.36.52:895][  0]LogSlate: New Slate User Created.  User Index 0, Is Virtual User: 0
[2018.05.10-14.36.52:895][  0]LogSlate: Slate User Registered.  User Index 0, Is Virtual User: 0
[2018.05.10-14.36.53:094][  0]LogD3D11RHI: D3D11 adapters:
[2018.05.10-14.36.53:206][  0]LogD3D11RHI:    0. 'NVIDIA GeForce GTX 1060 6GB' (Feature Level 11_0)
[2018.05.10-14.36.53:206][  0]LogD3D11RHI:       6052/0/8171 MB DedicatedVideo/DedicatedSystem/SharedSystem, Outputs:2, VendorId:0x10de
[2018.05.10-14.36.53:208][  0]LogD3D11RHI:    1. 'Microsoft Basic Render Driver' (Feature Level 11_0)
[2018.05.10-14.36.53:209][  0]LogD3D11RHI:       0/0/8171 MB DedicatedVideo/DedicatedSystem/SharedSystem, Outputs:0, VendorId:0x1414
[2018.05.10-14.36.53:209][  0]LogD3D11RHI: Chosen D3D11 Adapter: 0
[2018.05.10-14.36.53:225][  0]LogD3D11RHI: Creating new Direct3DDevice
[2018.05.10-14.36.53:225][  0]LogD3D11RHI:     GPU DeviceId: 0x1c03 (for the marketing name, search the web for "GPU Device Id")
[2018.05.10-14.36.53:225][  0]LogWindows: EnumDisplayDevices:
[2018.05.10-14.36.53:225][  0]LogWindows:    0. 'NVIDIA GeForce GTX 1060 6GB' (P:1 D:1)
[2018.05.10-14.36.53:225][  0]LogWindows:    1. 'NVIDIA GeForce GTX 1060 6GB' (P:0 D:1)
[2018.05.10-14.36.53:225][  0]LogWindows:    2. 'NVIDIA GeForce GTX 1060 6GB' (P:0 D:0)
[2018.05.10-14.36.53:226][  0]LogWindows:    3. 'NVIDIA GeForce GTX 1060 6GB' (P:0 D:0)
[2018.05.10-14.36.53:226][  0]LogWindows: DebugString: GetVideoDriverDetailsInvalid PrimaryIsNotTheChoosenAdapter GetVideoDriverDetailsInvalid PrimaryIsNotTheChoosenAdapter GetVideoDriverDetailsInvalid PrimaryIsNotTheChoosenAdapter GetVideoDriverDetailsInvalid PrimaryIsNotTheChoosenAdapter FoundDriverCount:0 
[2018.05.10-14.36.53:226][  0]LogD3D11RHI:     Adapter Name: NVIDIA GeForce GTX 1060 6GB
[2018.05.10-14.36.53:226][  0]LogD3D11RHI:   Driver Version: Unknown (internal:Unknown, unified:Unknown)
[2018.05.10-14.36.53:226][  0]LogD3D11RHI:      Driver Date: Unknown
[2018.05.10-14.36.53:226][  0]LogRHI: Texture pool is 4236 MB (70% of 6052 MB)
[2018.05.10-14.36.53:263][  0]LogD3D11RHI: [Aftermath] Aftermath enabled and primed
[2018.05.10-14.36.53:263][  0]LogD3D11RHI: [Aftermath] Aftermath enabled and primed
[2018.05.10-14.36.53:263][  0]LogD3D11RHI: Async texture creation enabled
[2018.05.10-14.36.53:286][  0]LogD3D11RHI: GPU Timing Frequency: 1000.000000 (Debug: 2 2)
[2018.05.10-14.36.53:378][  0]LogShaderCompilers: Guid format shader working directory is -24 characters bigger than the processId version (../../../../../../Users/Alex/Documents/Unreal Projects/Train_Trouble/Intermediate/Shaders/WorkingDirectory/24556/).
[2018.05.10-14.36.53:378][  0]LogShaderCompilers: Cleaned the shader compiler working directory 'C:/Users/Alex/AppData/Local/Temp/UnrealShaderWorkingDir/85A2C8AF481C69927D3B2DA52596C6A9/'.
[2018.05.10-14.36.53:677][  0]LogTemp: Display: Loaded TP AllDesktopTargetPlatform
[2018.05.10-14.36.53:690][  0]LogTemp: Display: Loaded TP MacClientTargetPlatform
[2018.05.10-14.36.53:703][  0]LogTemp: Display: Loaded TP MacNoEditorTargetPlatform
[2018.05.10-14.36.53:715][  0]LogTemp: Display: Loaded TP MacServerTargetPlatform
[2018.05.10-14.36.53:730][  0]LogTemp: Display: Loaded TP MacTargetPlatform
[2018.05.10-14.36.53:742][  0]LogTemp: Display: Loaded TP WindowsClientTargetPlatform
[2018.05.10-14.36.53:757][  0]LogTemp: Display: Loaded TP WindowsNoEditorTargetPlatform
[2018.05.10-14.36.53:770][  0]LogTemp: Display: Loaded TP WindowsServerTargetPlatform
[2018.05.10-14.36.53:776][  0]LogTemp: Display: Loaded TP WindowsTargetPlatform
[2018.05.10-14.36.53:787][  0]LogTemp: Display: Loaded TP Android_ASTCTargetPlatform
[2018.05.10-14.36.53:798][  0]LogTemp: Display: Loaded TP Android_ATCTargetPlatform
[2018.05.10-14.36.53:808][  0]LogTemp: Display: Loaded TP Android_DXTTargetPlatform
[2018.05.10-14.36.53:820][  0]LogTemp: Display: Loaded TP Android_ETC1aTargetPlatform
[2018.05.10-14.36.53:832][  0]LogTemp: Display: Loaded TP Android_ETC1TargetPlatform
[2018.05.10-14.36.53:843][  0]LogTemp: Display: Loaded TP Android_ETC2TargetPlatform
[2018.05.10-14.36.53:865][  0]LogTemp: Display: Loaded TP Android_MultiTargetPlatform
[2018.05.10-14.36.53:865][  0]LogTemp: Display: Loaded TP Android_PVRTCTargetPlatform
[2018.05.10-14.36.53:876][  0]LogTemp: Display: Loaded TP AndroidTargetPlatform
[2018.05.10-14.36.53:878][  0]LogTemp: Display: Loaded TP HTML5TargetPlatform
[2018.05.10-14.36.53:914][  0]LogTemp: Display: Loaded TP IOSTargetPlatform
[2018.05.10-14.36.53:925][  0]LogTemp: Display: Loaded TP TVOSTargetPlatform
[2018.05.10-14.36.53:938][  0]LogTemp: Display: Loaded TP LinuxClientTargetPlatform
[2018.05.10-14.36.53:949][  0]LogTemp: Display: Loaded TP LinuxNoEditorTargetPlatform
[2018.05.10-14.36.53:960][  0]LogTemp: Display: Loaded TP LinuxServerTargetPlatform
[2018.05.10-14.36.53:974][  0]LogTemp: Display: Loaded TP LinuxTargetPlatform
[2018.05.10-14.36.53:974][  0]LogTargetPlatformManager: Display: Building Assets For Windows
[2018.05.10-14.36.54:092][  0]LogXGEController: Cannot use XGE Controller as Incredibuild is not installed on this machine.
[2018.05.10-14.36.54:092][  0]LogShaderCompilers: Cannot use XGE Shader Compiler as Incredibuild is not installed on this machine.
[2018.05.10-14.36.54:092][  0]LogShaderCompilers: Display: Using Local Shader Compiler.
[2018.05.10-14.36.54:750][  0]LogDerivedDataCache: Display: Max Cache Size: 512 MB
[2018.05.10-14.36.54:815][  0]LogDerivedDataCache: Loaded boot cache 0.06s 74MB C:/Users/Alex/AppData/Local/UnrealEngine/4.19/DerivedDataCache/Boot.ddc.
[2018.05.10-14.36.54:815][  0]LogDerivedDataCache: Display: Loaded Boot cache: C:/Users/Alex/AppData/Local/UnrealEngine/4.19/DerivedDataCache/Boot.ddc
[2018.05.10-14.36.54:815][  0]LogDerivedDataCache: FDerivedDataBackendGraph:  Pak pak cache file ../../../../../../Users/Alex/Documents/Unreal Projects/Train_Trouble/DerivedDataCache/DDC.ddp not found, will not use a pak cache.
[2018.05.10-14.36.54:815][  0]LogDerivedDataCache: Unable to find inner node Pak for hierarchical cache Hierarchy.
[2018.05.10-14.36.54:815][  0]LogDerivedDataCache: FDerivedDataBackendGraph:  CompressedPak pak cache file ../../../../../../Users/Alex/Documents/Unreal Projects/Train_Trouble/DerivedDataCache/Compressed.ddp not found, will not use a pak cache.
[2018.05.10-14.36.54:815][  0]LogDerivedDataCache: Unable to find inner node CompressedPak for hierarchical cache Hierarchy.
[2018.05.10-14.36.54:832][  0]LogDerivedDataCache: Display: Pak cache opened for reading ../../../Engine/DerivedDataCache/Compressed.ddp.
[2018.05.10-14.36.54:844][  0]LogDerivedDataCache: Using Local data cache path C:/Users/Alex/AppData/Local/UnrealEngine/Common/DerivedDataCache: Writable
[2018.05.10-14.36.54:844][  0]LogDerivedDataCache: Shared data cache path not found in *engine.ini, will not use an Shared cache.
[2018.05.10-14.36.54:844][  0]LogDerivedDataCache: Unable to find inner node Shared for hierarchical cache Hierarchy.
[2018.05.10-14.36.54:892][  0]LogMaterial: Verifying Global Shaders for PCD3D_SM5
[2018.05.10-14.36.54:892][  0]LogSlate: Using Freetype 2.6.0
[2018.05.10-14.36.54:893][  0]LogSlate: SlateFontCache - WITH_FREETYPE: 1, WITH_HARFBUZZ: 1
[2018.05.10-14.36.54:893][  0]LogSlate: SlateFontCache - WITH_FREETYPE: 1, WITH_HARFBUZZ: 1
[2018.05.10-14.36.55:026][  0]LogAssetRegistry: FAssetRegistry took 0.0259 seconds to start up
[2018.05.10-14.36.55:348][  0]LogInit: Selected Device Profile: [Windows]
[2018.05.10-14.36.55:527][  0]LogSimplygon: Simplygon DLL not present - disabling.
[2018.05.10-14.36.55:531][  0]LogMeshReduction: Using SimplygonSwarm for distributed automatic mesh merging
[2018.05.10-14.36.55:531][  0]LogMeshReduction: Using QuadricMeshReduction for automatic static mesh reduction
[2018.05.10-14.36.55:531][  0]LogMeshReduction: No automatic skeletal mesh reduction module available
[2018.05.10-14.36.55:531][  0]LogMeshReduction: No automatic mesh merging module available
[2018.05.10-14.36.55:531][  0]LogMeshMerging: No automatic mesh merging module available
[2018.05.10-14.36.55:571][  0]LogNetVersion: Train_Trouble , NetCL: 3944462, EngineNetVer: 2, GameNetVer: 0 (Checksum: 3319927891)
[2018.05.10-14.36.56:116][  0]LogPackageLocalizationCache: Processed 9 localized package path(s) for 2 prioritized culture(s) in 0.132068 seconds
[2018.05.10-14.36.56:123][  0]LogUObjectArray: 36728 objects as part of root set at end of initial load.
[2018.05.10-14.36.56:123][  0]LogUObjectAllocator: 7314304 out of 0 bytes used by permanent object pool.
[2018.05.10-14.36.56:123][  0]LogUObjectArray: CloseDisregardForGC: 0/0 objects in disregard for GC pool
[2018.05.10-14.36.58:436][  0]LogTcpMessaging: Initializing TcpMessaging bridge
[2018.05.10-14.36.58:479][  0]LogUdpMessaging: Initializing bridge on interface 0.0.0.0:0 to multicast group 230.0.0.1:6666.
[2018.05.10-14.36.58:856][  0]SourceControl: Source control is disabled
[2018.05.10-14.36.58:856][  0]SourceControl: Source control is disabled
[2018.05.10-14.36.58:876][  0]SourceControl: Source control is disabled
[2018.05.10-14.36.58:895][  0]SourceControl: Source control is disabled
[2018.05.10-14.36.59:430][  0]LogAndroidPermission: UAndroidPermissionCallbackProxy::GetInstance
[2018.05.10-14.36.59:661][  0]LogOcInput: OculusInput pre-init called
[2018.05.10-14.36.59:782][  0]LogEngine: Initializing Engine...
[2018.05.10-14.36.59:843][  0]LogHMD: SteamVR initialized.  Driver: lighthouse  Display: LHR-BB1F1794
[2018.05.10-14.36.59:845][  0]LogStats: UGameplayTagsManager::ConstructGameplayTagTree: Construct from data asset -  0.000 s
[2018.05.10-14.36.59:845][  0]LogStats: UGameplayTagsManager::ConstructGameplayTagTree: GameplayTagTreeChangedEvent.Broadcast -  0.000 s
[2018.05.10-14.37.00:176][  0]LogAIModule: Creating AISystem for world Untitled
[2018.05.10-14.37.00:258][  0]LogInit: XAudio2 using 'Headset Earphone (3- Corsair VOID RGB Wireless Gaming Headset)' : 6 channels at 48 kHz using 16 bits per sample (channel mask 0x3f)
[2018.05.10-14.37.00:273][  0]LogInit: FAudioDevice initialized.
[2018.05.10-14.37.00:432][  0]LogDerivedDataCache: Saved boot cache 0.16s 88MB C:/Users/Alex/AppData/Local/UnrealEngine/4.19/DerivedDataCache/Boot.ddc.
[2018.05.10-14.37.00:448][  0]LogInit: Texture streaming: Enabled
[2018.05.10-14.37.00:469][  0]LogEngineSessionManager: EngineSessionManager initialized
[2018.05.10-14.37.00:487][  0]LogInit: Transaction tracking system initialized
[2018.05.10-14.37.00:512][  0]BlueprintLog: New page: Editor Load
[2018.05.10-14.37.00:600][  0]LocalizationService: Localization service is disabled
[2018.05.10-14.37.00:728][  0]LogConsoleResponse: Display: 
[2018.05.10-14.37.00:921][  0]LogCook: Display: Max memory allowance for cook 16384mb min free memory 0mb
[2018.05.10-14.37.00:921][  0]LogCook: Display: Mobile HDR setting 1
[2018.05.10-14.37.00:922][  0]LogGameplayTags: Display: UGameplayTagsManager::DoneAddingNativeTags. DelegateIsBound: 0
[2018.05.10-14.37.00:922][  0]LogStats: UGameplayTagsManager::ConstructGameplayTagTree: Construct from data asset -  0.000 s
[2018.05.10-14.37.00:922][  0]LogStats: UGameplayTagsManager::ConstructGameplayTagTree: GameplayTagTreeChangedEvent.Broadcast -  0.000 s
[2018.05.10-14.37.01:322][  0]LogFileCache: Scanning file cache for directory 'C:/Users/Alex/Documents/Unreal Projects/Train_Trouble/Content/' took 0.01s
[2018.05.10-14.37.01:383][  0]SourceControl: Source control is disabled
[2018.05.10-14.37.01:384][  0]LogFactory: FactoryCreateFile: PackFactory with PackFactory (0 0 C:/Program Files/Epic Games/UE_4.19/FeaturePacks/StarterContent.upack)
[2018.05.10-14.37.01:390][  0]LogPackFactory: Finished extracting 8 files (including 0 errors).
[2018.05.10-14.37.01:393][  0]LogPackFactory: Copied "../../../Samples/StarterContent/Content/StarterContent/Architecture/Floor_400x400.uasset" to "../../../../../../Users/Alex/Documents/Unreal Projects/Train_Trouble/Content/StarterContent/Architecture/Floor_400x400.uasset"
[2018.05.10-14.37.01:395][  0]LogPackFactory: Copied "../../../Samples/StarterContent/Content/StarterContent/Architecture/Pillar_50x500.uasset" to "../../../../../../Users/Alex/Documents/Unreal Projects/Train_Trouble/Content/StarterContent/Architecture/Pillar_50x500.uasset"
[2018.05.10-14.37.01:398][  0]LogPackFactory: Copied "../../../Samples/StarterContent/Content/StarterContent/Architecture/SM_AssetPlatform.uasset" to "../../../../../../Users/Alex/Documents/Unreal Projects/Train_Trouble/Content/StarterContent/Architecture/SM_AssetPlatform.uasset"
[2018.05.10-14.37.01:399][  0]LogPackFactory: Copied "../../../Samples/StarterContent/Content/StarterContent/Architecture/Wall_400x200.uasset" to "../../../../../../Users/Alex/Documents/Unreal Projects/Train_Trouble/Content/StarterContent/Architecture/Wall_400x200.uasset"
[2018.05.10-14.37.01:401][  0]LogPackFactory: Copied "../../../Samples/StarterContent/Content/StarterContent/Architecture/Wall_400x300.uasset" to "../../../../../../Users/Alex/Documents/Unreal Projects/Train_Trouble/Content/StarterContent/Architecture/Wall_400x300.uasset"
[2018.05.10-14.37.01:403][  0]LogPackFactory: Copied "../../../Samples/StarterContent/Content/StarterContent/Architecture/Wall_400x400.uasset" to "../../../../../../Users/Alex/Documents/Unreal Projects/Train_Trouble/Content/StarterContent/Architecture/Wall_400x400.uasset"
[2018.05.10-14.37.01:405][  0]LogPackFactory: Copied "../../../Samples/StarterContent/Content/StarterContent/Architecture/Wall_500x500.uasset" to "../../../../../../Users/Alex/Documents/Unreal Projects/Train_Trouble/Content/StarterContent/Architecture/Wall_500x500.uasset"
[2018.05.10-14.37.01:407][  0]LogPackFactory: Copied "../../../Samples/StarterContent/Content/StarterContent/Architecture/Wall_Door_400x300.uasset" to "../../../../../../Users/Alex/Documents/Unreal Projects/Train_Trouble/Content/StarterContent/Architecture/Wall_Door_400x300.uasset"
[2018.05.10-14.37.01:409][  0]LogPackFactory: Copied "../../../Samples/StarterContent/Content/StarterContent/Architecture/Wall_Door_400x400.uasset" to "../../../../../../Users/Alex/Documents/Unreal Projects/Train_Trouble/Content/StarterContent/Architecture/Wall_Door_400x400.uasset"
[2018.05.10-14.37.01:411][  0]LogPackFactory: Copied "../../../Samples/StarterContent/Content/StarterContent/Architecture/Wall_Window_400x300.uasset" to "../../../../../../Users/Alex/Documents/Unreal Projects/Train_Trouble/Content/StarterContent/Architecture/Wall_Window_400x300.uasset"
[2018.05.10-14.37.01:413][  0]LogPackFactory: Copied "../../../Samples/StarterContent/Content/StarterContent/Architecture/Wall_Window_400x400.uasset" to "../../../../../../Users/Alex/Documents/Unreal Projects/Train_Trouble/Content/StarterContent/Architecture/Wall_Window_400x400.uasset"
[2018.05.10-14.37.01:415][  0]LogPackFactory: Copied "../../../Samples/StarterContent/Content/StarterContent/Audio/Collapse01.uasset" to "../../../../../../Users/Alex/Documents/Unreal Projects/Train_Trouble/Content/StarterContent/Audio/Collapse01.uasset"
[2018.05.10-14.37.01:417][  0]LogPackFactory: Copied "../../../Samples/StarterContent/Content/StarterContent/Audio/Collapse02.uasset" to "../../../../../../Users/Alex/Documents/Unreal Projects/Train_Trouble/Content/StarterContent/Audio/Collapse02.uasset"
[2018.05.10-14.37.01:419][  0]LogPackFactory: Copied "../../../Samples/StarterContent/Content/StarterContent/Audio/Collapse_Cue.uasset" to "../../../../../../Users/Alex/Documents/Unreal Projects/Train_Trouble/Content/StarterContent/Audio/Collapse_Cue.uasset"
[2018.05.10-14.37.01:421][  0]LogPackFactory: Copied "../../../Samples/StarterContent/Content/StarterContent/Audio/Explosion01.uasset" to "../../../../../../Users/Alex/Documents/Unreal Projects/Train_Trouble/Content/StarterContent/Audio/Explosion01.uasset"
[2018.05.10-14.37.01:424][  0]LogPackFactory: Copied "../../../Samples/StarterContent/Content/StarterContent/Audio/Explosion02.uasset" to "../../../../../../Users/Alex/Documents/Unreal Projects/Train_Trouble/Content/StarterContent/Audio/Explosion02.uasset"
[2018.05.10-14.37.01:426][  0]LogPackFactory: Copied "../../../Samples/StarterContent/Content/StarterContent/Audio/Explosion_Cue.uasset" to "../../../../../../Users/Alex/Documents/Unreal Projects/Train_Trouble/Content/StarterContent/Audio/Explosion_Cue.uasset"
[2018.05.10-14.37.01:429][  0]LogPackFactory: Copied "../../../Samples/StarterContent/Content/StarterContent/Audio/Fire01.uasset" to "../../../../../../Users/Alex/Documents/Unreal Projects/Train_Trouble/Content/StarterContent/Audio/Fire01.uasset"
[2018.05.10-14.37.01:431][  0]LogPackFactory: Copied "../../../Samples/StarterContent/Content/StarterContent/Audio/Fire01_Cue.uasset" to "../../../../../../Users/Alex/Documents/Unreal Projects/Train_Trouble/Content/StarterContent/Audio/Fire01_Cue.uasset"
[2018.05.10-14.37.01:434][  0]LogPackFactory: Copied "../../../Samples/StarterContent/Content/StarterContent/Audio/Fire_Sparks01.uasset" to "../../../../../../Users/Alex/Documents/Unreal Projects/Train_Trouble/Content/StarterContent/Audio/Fire_Sparks01.uasset"
[2018.05.10-14.37.01:436][  0]LogPackFactory: Copied "../../../Samples/StarterContent/Content/StarterContent/Audio/Fire_Sparks01_Cue.uasset" to "../../../../../../Users/Alex/Documents/Unreal Projects/Train_Trouble/Content/StarterContent/Audio/Fire_Sparks01_Cue.uasset"
[2018.05.10-14.37.01:438][  0]LogPackFactory: Copied "../../../Samples/StarterContent/Content/StarterContent/Audio/Light01.uasset" to "../../../../../../Users/Alex/Documents/Unreal Projects/Train_Trouble/Content/StarterContent/Audio/Light01.uasset"
[2018.05.10-14.37.01:440][  0]LogPackFactory: Copied "../../../Samples/StarterContent/Content/StarterContent/Audio/Light01_Cue.uasset" to "../../../../../../Users/Alex/Documents/Unreal Projects/Train_Trouble/Content/StarterContent/Audio/Light01_Cue.uasset"
[2018.05.10-14.37.01:443][  0]LogPackFactory: Copied "../../../Samples/StarterContent/Content/StarterContent/Audio/Light02.uasset" to "../../../../../../Users/Alex/Documents/Unreal Projects/Train_Trouble/Content/StarterContent/Audio/Light02.uasset"
[2018.05.10-14.37.01:445][  0]LogPackFactory: Copied "../../../Samples/StarterContent/Content/StarterContent/Audio/Light02_Cue.uasset" to "../../../../../../Users/Alex/Documents/Unreal Projects/Train_Trouble/Content/StarterContent/Audio/Light02_Cue.uasset"
[2018.05.10-14.37.01:448][  0]LogPackFactory: Copied "../../../Samples/StarterContent/Content/StarterContent/Audio/Smoke01.uasset" to "../../../../../../Users/Alex/Documents/Unreal Projects/Train_Trouble/Content/StarterContent/Audio/Smoke01.uasset"
[2018.05.10-14.37.01:450][  0]LogPackFactory: Copied "../../../Samples/StarterContent/Content/StarterContent/Audio/Smoke01_Cue.uasset" to "../../../../../../Users/Alex/Documents/Unreal Projects/Train_Trouble/Content/StarterContent/Audio/Smoke01_Cue.uasset"
[2018.05.10-14.37.01:452][  0]LogPackFactory: Copied "../../../Samples/StarterContent/Content/StarterContent/Audio/Starter_Background_Cue.uasset" to "../../../../../../Users/Alex/Documents/Unreal Projects/Train_Trouble/Content/StarterContent/Audio/Starter_Background_Cue.uasset"
[2018.05.10-14.37.01:457][  0]LogPackFactory: Copied "../../../Samples/StarterContent/Content/StarterContent/Audio/Starter_Birds01.uasset" to "../../../../../../Users/Alex/Documents/Unreal Projects/Train_Trouble/Content/StarterContent/Audio/Starter_Birds01.uasset"
[2018.05.10-14.37.01:466][  0]LogPackFactory: Copied "../../../Samples/StarterContent/Content/StarterContent/Audio/Starter_Music01.uasset" to "../../../../../../Users/Alex/Documents/Unreal Projects/Train_Trouble/Content/StarterContent/Audio/Starter_Music01.uasset"
[2018.05.10-14.37.01:469][  0]LogPackFactory: Copied "../../../Samples/StarterContent/Content/StarterContent/Audio/Starter_Music_Cue.uasset" to "../../../../../../Users/Alex/Documents/Unreal Projects/Train_Trouble/Content/StarterContent/Audio/Starter_Music_Cue.uasset"
[2018.05.10-14.37.01:473][  0]LogPackFactory: Copied "../../../Samples/StarterContent/Content/StarterContent/Audio/Starter_Wind05.uasset" to "../../../../../../Users/Alex/Documents/Unreal Projects/Train_Trouble/Content/StarterContent/Audio/Starter_Wind05.uasset"
[2018.05.10-14.37.01:478][  0]LogPackFactory: Copied "../../../Samples/StarterContent/Content/StarterContent/Audio/Starter_Wind06.uasset" to "../../../../../../Users/Alex/Documents/Unreal Projects/Train_Trouble/Content/StarterContent/Audio/Starter_Wind06.uasset"
[2018.05.10-14.37.01:482][  0]LogPackFactory: Copied "../../../Samples/StarterContent/Content/StarterContent/Audio/Steam01.uasset" to "../../../../../../Users/Alex/Documents/Unreal Projects/Train_Trouble/Content/StarterContent/Audio/Steam01.uasset"
[2018.05.10-14.37.01:484][  0]LogPackFactory: Copied "../../../Samples/StarterContent/Content/StarterContent/Audio/Steam01_Cue.uasset" to "../../../../../../Users/Alex/Documents/Unreal Projects/Train_Trouble/Content/StarterContent/Audio/Steam01_Cue.uasset"
[2018.05.10-14.37.01:486][  0]LogPackFactory: Copied "../../../Samples/StarterContent/Content/StarterContent/Blueprints/Blueprint_CeilingLight.uasset" to "../../../../../../Users/Alex/Documents/Unreal Projects/Train_Trouble/Content/StarterContent/Blueprints/Blueprint_CeilingLight.uasset"
[2018.05.10-14.37.01:488][  0]LogPackFactory: Copied "../../../Samples/StarterContent/Content/StarterContent/Blueprints/Blueprint_Effect_Explosion.uasset" to "../../../../../../Users/Alex/Documents/Unreal Projects/Train_Trouble/Content/StarterContent/Blueprints/Blueprint_Effect_Explosion.uasset"
[2018.05.10-14.37.01:491][  0]LogPackFactory: Copied "../../../Samples/StarterContent/Content/StarterContent/Blueprints/Blueprint_Effect_Fire.uasset" to "../../../../../../Users/Alex/Documents/Unreal Projects/Train_Trouble/Content/StarterContent/Blueprints/Blueprint_Effect_Fire.uasset"
[2018.05.10-14.37.01:493][  0]LogPackFactory: Copied "../../../Samples/StarterContent/Content/StarterContent/Blueprints/Blueprint_Effect_Smoke.uasset" to "../../../../../../Users/Alex/Documents/Unreal Projects/Train_Trouble/Content/StarterContent/Blueprints/Blueprint_Effect_Smoke.uasset"
[2018.05.10-14.37.01:495][  0]LogPackFactory: Copied "../../../Samples/StarterContent/Content/StarterContent/Blueprints/Blueprint_Effect_Sparks.uasset" to "../../../../../../Users/Alex/Documents/Unreal Projects/Train_Trouble/Content/StarterContent/Blueprints/Blueprint_Effect_Sparks.uasset"
[2018.05.10-14.37.01:497][  0]LogPackFactory: Copied "../../../Samples/StarterContent/Content/StarterContent/Blueprints/Blueprint_Effect_Steam.uasset" to "../../../../../../Users/Alex/Documents/Unreal Projects/Train_Trouble/Content/StarterContent/Blueprints/Blueprint_Effect_Steam.uasset"
[2018.05.10-14.37.01:499][  0]LogPackFactory: Copied "../../../Samples/StarterContent/Content/StarterContent/Blueprints/Blueprint_WallSconce.uasset" to "../../../../../../Users/Alex/Documents/Unreal Projects/Train_Trouble/Content/StarterContent/Blueprints/Blueprint_WallSconce.uasset"
[2018.05.10-14.37.01:502][  0]LogPackFactory: Copied "../../../Samples/StarterContent/Content/StarterContent/Blueprints/BP_LightStudio.uasset" to "../../../../../../Users/Alex/Documents/Unreal Projects/Train_Trouble/Content/StarterContent/Blueprints/BP_LightStudio.uasset"
[2018.05.10-14.37.01:505][  0]LogPackFactory: Copied "../../../Samples/StarterContent/Content/StarterContent/Blueprints/Assets/FogBrightnessLUT.uasset" to "../../../../../../Users/Alex/Documents/Unreal Projects/Train_Trouble/Content/StarterContent/Blueprints/Assets/FogBrightnessLUT.uasset"
[2018.05.10-14.37.01:507][  0]LogPackFactory: Copied "../../../Samples/StarterContent/Content/StarterContent/Blueprints/Assets/M_LightStage_Arrows.uasset" to "../../../../../../Users/Alex/Documents/Unreal Projects/Train_Trouble/Content/StarterContent/Blueprints/Assets/M_LightStage_Arrows.uasset"
[2018.05.10-14.37.01:509][  0]LogPackFactory: Copied "../../../Samples/StarterContent/Content/StarterContent/Blueprints/Assets/M_LightStage_Skybox_Black.uasset" to "../../../../../../Users/Alex/Documents/Unreal Projects/Train_Trouble/Content/StarterContent/Blueprints/Assets/M_LightStage_Skybox_Black.uasset"
[2018.05.10-14.37.01:512][  0]LogPackFactory: Copied "../../../Samples/StarterContent/Content/StarterContent/Blueprints/Assets/M_LightStage_Skybox_HDRI.uasset" to "../../../../../../Users/Alex/Documents/Unreal Projects/Train_Trouble/Content/StarterContent/Blueprints/Assets/M_LightStage_Skybox_HDRI.uasset"
[2018.05.10-14.37.01:514][  0]LogPackFactory: Copied "../../../Samples/StarterContent/Content/StarterContent/Blueprints/Assets/M_LightStage_Skybox_Master.uasset" to "../../../../../../Users/Alex/Documents/Unreal Projects/Train_Trouble/Content/StarterContent/Blueprints/Assets/M_LightStage_Skybox_Master.uasset"
[2018.05.10-14.37.01:517][  0]LogPackFactory: Copied "../../../Samples/StarterContent/Content/StarterContent/Blueprints/Assets/Skybox.uasset" to "../../../../../../Users/Alex/Documents/Unreal Projects/Train_Trouble/Content/StarterContent/Blueprints/Assets/Skybox.uasset"
[2018.05.10-14.37.01:520][  0]LogPackFactory: Copied "../../../Samples/StarterContent/Content/StarterContent/Blueprints/Assets/SM_Arrows.uasset" to "../../../../../../Users/Alex/Documents/Unreal Projects/Train_Trouble/Content/StarterContent/Blueprints/Assets/SM_Arrows.uasset"
[2018.05.10-14.37.01:523][  0]LogPackFactory: Copied "../../../Samples/StarterContent/Content/StarterContent/Blueprints/Assets/SunlightColorLUT.uasset" to "../../../../../../Users/Alex/Documents/Unreal Projects/Train_Trouble/Content/StarterContent/Blueprints/Assets/SunlightColorLUT.uasset"
[2018.05.10-14.37.01:843][  0]LogPackFactory: Copied "../../../Samples/StarterContent/Content/StarterContent/HDRI/HDRI_Epic_Courtyard_Daylight.uasset" to "../../../../../../Users/Alex/Documents/Unreal Projects/Train_Trouble/Content/StarterContent/HDRI/HDRI_Epic_Courtyard_Daylight.uasset"
[2018.05.10-14.37.01:846][  0]LogPackFactory: Copied "../../../Samples/StarterContent/Content/StarterContent/Maps/Advanced_Lighting.umap" to "../../../../../../Users/Alex/Documents/Unreal Projects/Train_Trouble/Content/StarterContent/Maps/Advanced_Lighting.umap"
[2018.05.10-14.37.01:848][  0]LogPackFactory: Copied "../../../Samples/StarterContent/Content/StarterContent/Maps/Advanced_Lighting_BuiltData.uasset" to "../../../../../../Users/Alex/Documents/Unreal Projects/Train_Trouble/Content/StarterContent/Maps/Advanced_Lighting_BuiltData.uasset"
[2018.05.10-14.37.01:864][  0]LogPackFactory: Copied "../../../Samples/StarterContent/Content/StarterContent/Maps/Minimal_Default.umap" to "../../../../../../Users/Alex/Documents/Unreal Projects/Train_Trouble/Content/StarterContent/Maps/Minimal_Default.umap"
[2018.05.10-14.37.01:867][  0]LogPackFactory: Copied "../../../Samples/StarterContent/Content/StarterContent/Maps/Minimal_Default_BuiltData.uasset" to "../../../../../../Users/Alex/Documents/Unreal Projects/Train_Trouble/Content/StarterContent/Maps/Minimal_Default_BuiltData.uasset"
[2018.05.10-14.37.01:872][  0]LogPackFactory: Copied "../../../Samples/StarterContent/Content/StarterContent/Maps/StarterMap.umap" to "../../../../../../Users/Alex/Documents/Unreal Projects/Train_Trouble/Content/StarterContent/Maps/StarterMap.umap"
[2018.05.10-14.37.01:880][  0]LogPackFactory: Copied "../../../Samples/StarterContent/Content/StarterContent/Maps/StarterMap_BuiltData.uasset" to "../../../../../../Users/Alex/Documents/Unreal Projects/Train_Trouble/Content/StarterContent/Maps/StarterMap_BuiltData.uasset"
[2018.05.10-14.37.01:883][  0]LogPackFactory: Copied "../../../Samples/StarterContent/Content/StarterContent/Materials/M_AssetPlatform.uasset" to "../../../../../../Users/Alex/Documents/Unreal Projects/Train_Trouble/Content/StarterContent/Materials/M_AssetPlatform.uasset"
[2018.05.10-14.37.01:885][  0]LogPackFactory: Copied "../../../Samples/StarterContent/Content/StarterContent/Materials/M_Basic_Floor.uasset" to "../../../../../../Users/Alex/Documents/Unreal Projects/Train_Trouble/Content/StarterContent/Materials/M_Basic_Floor.uasset"
[2018.05.10-14.37.01:895][  0]LogPackFactory: Copied "../../../Samples/StarterContent/Content/StarterContent/Materials/M_Basic_Wall.uasset" to "../../../../../../Users/Alex/Documents/Unreal Projects/Train_Trouble/Content/StarterContent/Materials/M_Basic_Wall.uasset"
[2018.05.10-14.37.01:897][  0]LogPackFactory: Copied "../../../Samples/StarterContent/Content/StarterContent/Materials/M_Brick_Clay_Beveled.uasset" to "../../../../../../Users/Alex/Documents/Unreal Projects/Train_Trouble/Content/StarterContent/Materials/M_Brick_Clay_Beveled.uasset"
[2018.05.10-14.37.01:899][  0]LogPackFactory: Copied "../../../Samples/StarterContent/Content/StarterContent/Materials/M_Brick_Clay_New.uasset" to "../../../../../../Users/Alex/Documents/Unreal Projects/Train_Trouble/Content/StarterContent/Materials/M_Brick_Clay_New.uasset"
[2018.05.10-14.37.01:902][  0]LogPackFactory: Copied "../../../Samples/StarterContent/Content/StarterContent/Materials/M_Brick_Clay_Old.uasset" to "../../../../../../Users/Alex/Documents/Unreal Projects/Train_Trouble/Content/StarterContent/Materials/M_Brick_Clay_Old.uasset"
[2018.05.10-14.37.01:904][  0]LogPackFactory: Copied "../../../Samples/StarterContent/Content/StarterContent/Materials/M_Brick_Cut_Stone.uasset" to "../../../../../../Users/Alex/Documents/Unreal Projects/Train_Trouble/Content/StarterContent/Materials/M_Brick_Cut_Stone.uasset"
[2018.05.10-14.37.01:907][  0]LogPackFactory: Copied "../../../Samples/StarterContent/Content/StarterContent/Materials/M_Brick_Hewn_Stone.uasset" to "../../../../../../Users/Alex/Documents/Unreal Projects/Train_Trouble/Content/StarterContent/Materials/M_Brick_Hewn_Stone.uasset"
[2018.05.10-14.37.01:909][  0]LogPackFactory: Copied "../../../Samples/StarterContent/Content/StarterContent/Materials/M_Ceramic_Tile_Checker.uasset" to "../../../../../../Users/Alex/Documents/Unreal Projects/Train_Trouble/Content/StarterContent/Materials/M_Ceramic_Tile_Checker.uasset"
[2018.05.10-14.37.01:912][  0]LogPackFactory: Copied "../../../Samples/StarterContent/Content/StarterContent/Materials/M_CobbleStone_Pebble.uasset" to "../../../../../../Users/Alex/Documents/Unreal Projects/Train_Trouble/Content/StarterContent/Materials/M_CobbleStone_Pebble.uasset"
[2018.05.10-14.37.01:914][  0]LogPackFactory: Copied "../../../Samples/StarterContent/Content/StarterContent/Materials/M_CobbleStone_Rough.uasset" to "../../../../../../Users/Alex/Documents/Unreal Projects/Train_Trouble/Content/StarterContent/Materials/M_CobbleStone_Rough.uasset"
[2018.05.10-14.37.01:917][  0]LogPackFactory: Copied "../../../Samples/StarterContent/Content/StarterContent/Materials/M_CobbleStone_Smooth.uasset" to "../../../../../../Users/Alex/Documents/Unreal Projects/Train_Trouble/Content/StarterContent/Materials/M_CobbleStone_Smooth.uasset"
[2018.05.10-14.37.01:919][  0]LogPackFactory: Copied "../../../Samples/StarterContent/Content/StarterContent/Materials/M_ColorGrid_LowSpec.uasset" to "../../../../../../Users/Alex/Documents/Unreal Projects/Train_Trouble/Content/StarterContent/Materials/M_ColorGrid_LowSpec.uasset"
[2018.05.10-14.37.01:921][  0]LogPackFactory: Copied "../../../Samples/StarterContent/Content/StarterContent/Materials/M_Concrete_Grime.uasset" to "../../../../../../Users/Alex/Documents/Unreal Projects/Train_Trouble/Content/StarterContent/Materials/M_Concrete_Grime.uasset"
[2018.05.10-14.37.01:924][  0]LogPackFactory: Copied "../../../Samples/StarterContent/Content/StarterContent/Materials/M_Concrete_Panels.uasset" to "../../../../../../Users/Alex/Documents/Unreal Projects/Train_Trouble/Content/StarterContent/Materials/M_Concrete_Panels.uasset"
[2018.05.10-14.37.01:926][  0]LogPackFactory: Copied "../../../Samples/StarterContent/Content/StarterContent/Materials/M_Concrete_Poured.uasset" to "../../../../../../Users/Alex/Documents/Unreal Projects/Train_Trouble/Content/StarterContent/Materials/M_Concrete_Poured.uasset"
[2018.05.10-14.37.01:928][  0]LogPackFactory: Error: Unable to copy file "../../../Samples/StarterContent/Content/StarterContent/Materials/M_Concrete_Tiles.uasset" to "../../../../../../Users/Alex/Documents/Unreal Projects/Train_Trouble/Content/StarterContent/Materials/M_Concrete_Tiles.uasset".
[2018.05.10-14.37.01:931][  0]LogPackFactory: Error: Unable to copy file "../../../Samples/StarterContent/Content/StarterContent/Materials/M_Glass.uasset" to "../../../../../../Users/Alex/Documents/Unreal Projects/Train_Trouble/Content/StarterContent/Materials/M_Glass.uasset".
[2018.05.10-14.37.01:933][  0]LogPackFactory: Error: Unable to copy file "../../../Samples/StarterContent/Content/StarterContent/Materials/M_Ground_Grass.uasset" to "../../../../../../Users/Alex/Documents/Unreal Projects/Train_Trouble/Content/StarterContent/Materials/M_Ground_Grass.uasset".
[2018.05.10-14.37.01:935][  0]LogPackFactory: Error: Unable to copy file "../../../Samples/StarterContent/Content/StarterContent/Materials/M_Ground_Gravel.uasset" to "../../../../../../Users/Alex/Documents/Unreal Projects/Train_Trouble/Content/StarterContent/Materials/M_Ground_Gravel.uasset".
[2018.05.10-14.37.01:938][  0]LogPackFactory: Error: Unable to copy file "../../../Samples/StarterContent/Content/StarterContent/Materials/M_Ground_Moss.uasset" to "../../../../../../Users/Alex/Documents/Unreal Projects/Train_Trouble/Content/StarterContent/Materials/M_Ground_Moss.uasset".
[2018.05.10-14.37.01:940][  0]LogPackFactory: Error: Unable to copy file "../../../Samples/StarterContent/Content/StarterContent/Materials/M_Metal_Brushed_Nickel.uasset" to "../../../../../../Users/Alex/Documents/Unreal Projects/Train_Trouble/Content/StarterContent/Materials/M_Metal_Brushed_Nickel.uasset".
[2018.05.10-14.37.01:942][  0]LogPackFactory: Error: Unable to copy file "../../../Samples/StarterContent/Content/StarterContent/Materials/M_Metal_Burnished_Steel.uasset" to "../../../../../../Users/Alex/Documents/Unreal Projects/Train_Trouble/Content/StarterContent/Materials/M_Metal_Burnished_Steel.uasset".
[2018.05.10-14.37.01:945][  0]LogPackFactory: Error: Unable to copy file "../../../Samples/StarterContent/Content/StarterContent/Materials/M_Metal_Chrome.uasset" to "../../../../../../Users/Alex/Documents/Unreal Projects/Train_Trouble/Content/StarterContent/Materials/M_Metal_Chrome.uasset".
[2018.05.10-14.37.01:947][  0]LogPackFactory: Error: Unable to copy file "../../../Samples/StarterContent/Content/StarterContent/Materials/M_Metal_Copper.uasset" to "../../../../../../Users/Alex/Documents/Unreal Projects/Train_Trouble/Content/StarterContent/Materials/M_Metal_Copper.uasset".
[2018.05.10-14.37.01:949][  0]LogPackFactory: Error: Unable to copy file "../../../Samples/StarterContent/Content/StarterContent/Materials/M_Metal_Gold.uasset" to "../../../../../../Users/Alex/Documents/Unreal Projects/Train_Trouble/Content/StarterContent/Materials/M_Metal_Gold.uasset".
[2018.05.10-14.37.01:951][  0]LogPackFactory: Error: Unable to copy file "../../../Samples/StarterContent/Content/StarterContent/Materials/M_Metal_Rust.uasset" to "../../../../../../Users/Alex/Documents/Unreal Projects/Train_Trouble/Content/StarterContent/Materials/M_Metal_Rust.uasset".
[2018.05.10-14.37.01:953][  0]LogPackFactory: Error: Unable to copy file "../../../Samples/StarterContent/Content/StarterContent/Materials/M_Metal_Steel.uasset" to "../../../../../../Users/Alex/Documents/Unreal Projects/Train_Trouble/Content/StarterContent/Materials/M_Metal_Steel.uasset".
[2018.05.10-14.37.01:956][  0]LogPackFactory: Error: Unable to copy file "../../../Samples/StarterContent/Content/StarterContent/Materials/M_Rock_Basalt.uasset" to "../../../../../../Users/Alex/Documents/Unreal Projects/Train_Trouble/Content/StarterContent/Materials/M_Rock_Basalt.uasset".
[2018.05.10-14.37.01:959][  0]LogPackFactory: Error: Unable to copy file "../../../Samples/StarterContent/Content/StarterContent/Materials/M_Rock_Marble_Polished.uasset" to "../../../../../../Users/Alex/Documents/Unreal Projects/Train_Trouble/Content/StarterContent/Materials/M_Rock_Marble_Polished.uasset".
[2018.05.10-14.37.01:961][  0]LogPackFactory: Error: Unable to copy file "../../../Samples/StarterContent/Content/StarterContent/Materials/M_Rock_Sandstone.uasset" to "../../../../../../Users/Alex/Documents/Unreal Projects/Train_Trouble/Content/StarterContent/Materials/M_Rock_Sandstone.uasset".
[2018.05.10-14.37.01:963][  0]LogPackFactory: Error: Unable to copy file "../../../Samples/StarterContent/Content/StarterContent/Materials/M_Rock_Slate.uasset" to "../../../../../../Users/Alex/Documents/Unreal Projects/Train_Trouble/Content/StarterContent/Materials/M_Rock_Slate.uasset".
[2018.05.10-14.37.01:966][  0]LogPackFactory: Error: Unable to copy file "../../../Samples/StarterContent/Content/StarterContent/Materials/M_Tech_Checker_Dot.uasset" to "../../../../../../Users/Alex/Documents/Unreal Projects/Train_Trouble/Content/StarterContent/Materials/M_Tech_Checker_Dot.uasset".
[2018.05.10-14.37.01:968][  0]LogPackFactory: Error: Unable to copy file "../../../Samples/StarterContent/Content/StarterContent/Materials/M_Tech_Hex_Tile.uasset" to "../../../../../../Users/Alex/Documents/Unreal Projects/Train_Trouble/Content/StarterContent/Materials/M_Tech_Hex_Tile.uasset".
[2018.05.10-14.37.01:971][  0]LogPackFactory: Error: Unable to copy file "../../../Samples/StarterContent/Content/StarterContent/Materials/M_Tech_Hex_Tile_Pulse.uasset" to "../../../../../../Users/Alex/Documents/Unreal Projects/Train_Trouble/Content/StarterContent/Materials/M_Tech_Hex_Tile_Pulse.uasset".
[2018.05.10-14.37.01:973][  0]LogPackFactory: Error: Unable to copy file "../../../Samples/StarterContent/Content/StarterContent/Materials/M_Tech_Panel.uasset" to "../../../../../../Users/Alex/Documents/Unreal Projects/Train_Trouble/Content/StarterContent/Materials/M_Tech_Panel.uasset".
[2018.05.10-14.37.01:975][  0]LogPackFactory: Error: Unable to copy file "../../../Samples/StarterContent/Content/StarterContent/Materials/M_Water_Lake.uasset" to "../../../../../../Users/Alex/Documents/Unreal Projects/Train_Trouble/Content/StarterContent/Materials/M_Water_Lake.uasset".
[2018.05.10-14.37.01:977][  0]LogPackFactory: Error: Unable to copy file "../../../Samples/StarterContent/Content/StarterContent/Materials/M_Water_Ocean.uasset" to "../../../../../../Users/Alex/Documents/Unreal Projects/Train_Trouble/Content/StarterContent/Materials/M_Water_Ocean.uasset".
[2018.05.10-14.37.01:979][  0]LogPackFactory: Error: Unable to copy file "../../../Samples/StarterContent/Content/StarterContent/Materials/M_Wood_Floor_Walnut_Polished.uasset" to "../../../../../../Users/Alex/Documents/Unreal Projects/Train_Trouble/Content/StarterContent/Materials/M_Wood_Floor_Walnut_Polished.uasset".
[2018.05.10-14.37.01:982][  0]LogPackFactory: Error: Unable to copy file "../../../Samples/StarterContent/Content/StarterContent/Materials/M_Wood_Floor_Walnut_Worn.uasset" to "../../../../../../Users/Alex/Documents/Unreal Projects/Train_Trouble/Content/StarterContent/Materials/M_Wood_Floor_Walnut_Worn.uasset".
[2018.05.10-14.37.01:984][  0]LogPackFactory: Error: Unable to copy file "../../../Samples/StarterContent/Content/StarterContent/Materials/M_Wood_Oak.uasset" to "../../../../../../Users/Alex/Documents/Unreal Projects/Train_Trouble/Content/StarterContent/Materials/M_Wood_Oak.uasset".
[2018.05.10-14.37.01:986][  0]LogPackFactory: Error: Unable to copy file "../../../Samples/StarterContent/Content/StarterContent/Materials/M_Wood_Pine.uasset" to "../../../../../../Users/Alex/Documents/Unreal Projects/Train_Trouble/Content/StarterContent/Materials/M_Wood_Pine.uasset".
[2018.05.10-14.37.01:987][  0]LogPackFactory: Error: Unable to copy file "../../../Samples/StarterContent/Content/StarterContent/Materials/M_Wood_Walnut.uasset" to "../../../../../../Users/Alex/Documents/Unreal Projects/Train_Trouble/Content/StarterContent/Materials/M_Wood_Walnut.uasset".
[2018.05.10-14.37.01:990][  0]LogPackFactory: Copied "../../../Samples/StarterContent/Content/StarterContent/Particles/P_Ambient_Dust.uasset" to "../../../../../../Users/Alex/Documents/Unreal Projects/Train_[2018.05.10-14.37.03:402][  0]LogFileManager: Error: Error flushing file: ../../../../../../Users/Alex/Documents/Unreal Projects/Train_Trouble/Saved/Logs/Train_Trouble.log (There is not enough space on the disk.)
[2018.05.10-14.37.03:402][  0]LogFileManager: Error: Error writing to file: C:/Users/Alex/Documents/Unreal Projects/Train_Trouble/Saved/Crashes/UE4CC-Windows-75A6A71C4A4E6EB99C482BBB91FAB07F_0000/CrashContext.runtime-xml (There is not enough space on the disk.)
[2018.05.10-14.37.03:402][  0]LogWindows: Error: === Critical error: ===
[2018.05.10-14.37.03:402][  0]LogWindows: Error: 
[2018.05.10-14.37.03:402][  0]LogWindows: Error: Assertion failed: NewPosition <= FileSize [File:D:\Build\++UE4+Release-4.19+Compile\Sync\Engine\Source\Runtime\Core\Private\Windows\WindowsPlatformFile.cpp] [Line: 499] 
[2018.05.10-14.37.03:402][  0]LogWindows: Error: 
[2018.05.10-14.37.03:402][  0]LogWindows: Error: 
[2018.05.10-14.37.03:402][  0]LogWindows: Error: 
[2018.05.10-14.37.03:402][  0]LogWindows: Error: [Callstack] 0x0000000011A74008 KERNELBASE.dll!UnknownFunction []
[2018.05.10-14.37.03:402][  0]LogWindows: Error: [Callstack] 0x000000008AE97884 UE4Editor-ApplicationCore.dll!UnknownFunction []
[2018.05.10-14.37.03:402][  0]LogWindows: Error: [Callstack] 0x000000008E4F6D9B UE4Editor-Core.dll!UnknownFunction []
[2018.05.10-14.37.03:402][  0]LogWindows: Error: [Callstack] 0x000000008E431949 UE4Editor-Core.dll!UnknownFunction []
[2018.05.10-14.37.03:402][  0]LogWindows: Error: [Callstack] 0x000000008E6DA3E4 UE4Editor-Core.dll!UnknownFunction []
[2018.05.10-14.37.03:402][  0]LogWindows: Error: [Callstack] 0x000000008E380484 UE4Editor-Core.dll!UnknownFunction []
[2018.05.10-14.37.03:402][  0]LogWindows: Error: [Callstack] 0x000000008DE1C7BC UE4Editor-CoreUObject.dll!UnknownFunction []
[2018.05.10-14.37.03:402][  0]LogWindows: Error: [Callstack] 0x000000008DEFA59A UE4Editor-CoreUObject.dll!UnknownFunction []
[2018.05.10-14.37.03:402][  0]LogWindows: Error: [Callstack] 0x000000008DEF7467 UE4Editor-CoreUObject.dll!UnknownFunction []
[2018.05.10-14.37.03:402][  0]LogWindows: Error: [Callstack] 0x000000008BF367BA UE4Editor-Engine.dll!UnknownFunction []
[2018.05.10-14.37.03:402][  0]LogWindows: Error: [Callstack] 0x000000008DF5173B UE4Editor-CoreUObject.dll!UnknownFunction []
[2018.05.10-14.37.03:402][  0]LogWindows: Error: [Callstack] 0x0000000089285264 UE4Editor-UnrealEd.dll!UnknownFunction []
[2018.05.10-14.37.03:402][  0]LogWindows: Error: [Callstack] 0x0000000089285C85 UE4Editor-UnrealEd.dll!UnknownFunction []
[2018.05.10-14.37.03:402][  0]LogWindows: Error: [Callstack] 0x00000000892C66DC UE4Editor-UnrealEd.dll!UnknownFunction []
[2018.05.10-14.37.03:402][  0]LogWindows: Error: [Callstack] 0x00000000892C3148 UE4Editor-UnrealEd.dll!UnknownFunction []
[2018.05.10-14.37.03:402][  0]LogWindows: Error: [Callstack] 0x0000000089B40489 UE4Editor-UnrealEd.dll!UnknownFunction []
[2018.05.10-14.37.03:402][  0]LogWindows: Error: [Callstack] 0x00000000895BE107 UE4Editor-UnrealEd.dll!UnknownFunction []
[2018.05.10-14.37.03:402][  0]LogWindows: Error: [Callstack] 0x00000000895BCA27 UE4Editor-UnrealEd.dll!UnknownFunction []
[2018.05.10-14.37.03:402][  0]LogWindows: Error: [Callstack] 0x00000000895E5462 UE4Editor-UnrealEd.dll!UnknownFunction []
[2018.05.10-14.37.03:402][  0]LogWindows: Error: [Callstack] 0x0000000084D77505 UE4Editor-AddContentDialog.dll!UnknownFunction []
[2018.05.10-14.37.03:402][  0]LogWindows: Error: [Callstack] 0x0000000084D6C212 UE4Editor-AddContentDialog.dll!UnknownFunction []
[2018.05.10-14.37.03:402][  0]LogWindows: Error: [Callstack] 0x0000000089AF8497 UE4Editor-UnrealEd.dll!UnknownFunction []
[2018.05.10-14.37.03:402][  0]LogWindows: Error: [Callstack] 0x0000000089AC3CA3 UE4Editor-UnrealEd.dll!UnknownFunction []
[2018.05.10-14.37.03:402][  0]LogWindows: Error: [Callstack] 0x0000000088606AC6 UE4Editor.exe!UnknownFunction []
[2018.05.10-14.37.03:402][  0]LogWindows: Error: [Callstack] 0x0000000088606C4A UE4Editor.exe!UnknownFunction []
[2018.05.10-14.37.03:402][  0]LogWindows: Error: [Callstack] 0x0000000088614177 UE4Editor.exe!UnknownFunction []
[2018.05.10-14.37.03:402][  0]LogWindows: Error: [Callstack] 0x0000000088615B87 UE4Editor.exe!UnknownFunction []
[2018.05.10-14.37.03:402][  0]LogWindows: Error: [Callstack] 0x0000000013C11FE4 KERNEL32.DLL!UnknownFunction []
[2018.05.10-14.37.03:402][  0]LogWindows: Error: [Callstack] 0x000000001486F061 ntdll.dll!UnknownFunction []
[2018.05.10-14.37.03:402][  0]LogWindows: Error: [Callstack] 0x000000001486F061 ntdll.dll!UnknownFunction []
[2018.05.10-14.37.03:402][  0]LogWindows: Error: 
[2018.05.10-14.37.03:416][  0]LogExit: Executing StaticShutdownAfterError
[2018.05.10-14.37.03:419][  0]LogWindows: FPlatformMisc::RequestExit(1)
[2018.05.10-14.37.03:420][  0]Log file closed, 05/10/18 15:37:03
